<?xml version="1.0" encoding="UTF-8"?>
<!-- Generated by org.testng.reporters.JUnitReportReporter -->
<testsuite skipped="0" hostname="Pravin-PC" name="runner.Runtest" tests="1" failures="0" timestamp="13 Apr 2019 07:37:32 GMT" time="11.224" errors="0">
  <testcase name="runScenario" time="11.224" classname="runner.Runtest"/>
</testsuite> <!-- runner.Runtest -->
