<?xml version="1.0" encoding="UTF-8"?>
<!-- Generated by org.testng.reporters.JUnitReportReporter -->
<testsuite skipped="0" hostname="Pravin-PC" name="week5.day1.Editlead" tests="1" failures="0" timestamp="06 Apr 2019 19:44:00 GMT" time="52.649" errors="0">
  <testcase name="Edit" time="52.649" classname="week5.day1.Editlead"/>
</testsuite> <!-- week5.day1.Editlead -->
