<?xml version="1.0" encoding="UTF-8"?>
<!-- Generated by org.testng.reporters.JUnitReportReporter -->
<testsuite skipped="0" hostname="Pravin-PC" name="week5.day1homework.Editlead" tests="1" failures="0" timestamp="06 Apr 2019 20:21:37 GMT" time="45.124" errors="0">
  <testcase name="Edit" time="45.124" classname="week5.day1homework.Editlead"/>
</testsuite> <!-- week5.day1homework.Editlead -->
