<?xml version="1.0" encoding="UTF-8"?>
<!-- Generated by org.testng.reporters.JUnitReportReporter -->
<testsuite skipped="0" hostname="Pravin-PC" name="week5.day1homework.Deletelead" tests="1" failures="0" timestamp="06 Apr 2019 20:21:37 GMT" time="64.200" errors="0">
  <testcase name="delete" time="64.200" classname="week5.day1homework.Deletelead"/>
</testsuite> <!-- week5.day1homework.Deletelead -->
