<?xml version="1.0" encoding="UTF-8"?>
<!-- Generated by org.testng.reporters.JUnitReportReporter -->
<testsuite skipped="0" hostname="Pravin-PC" name="week5.day2.Createleadusingexcel" tests="3" failures="0" timestamp="07 Apr 2019 07:46:22 GMT" time="65.482" errors="0">
  <testcase name="Create" time="21.824" classname="week5.day2.Createleadusingexcel"/>
  <testcase name="Create" time="20.200" classname="week5.day2.Createleadusingexcel"/>
  <testcase name="Create" time="23.458" classname="week5.day2.Createleadusingexcel"/>
</testsuite> <!-- week5.day2.Createleadusingexcel -->
