<?xml version="1.0" encoding="UTF-8"?>
<!-- Generated by org.testng.reporters.JUnitReportReporter -->
<testsuite skipped="0" hostname="Pravin-PC" name="week5.day1homework.Duplicatelead" tests="1" failures="0" timestamp="06 Apr 2019 20:21:37 GMT" time="55.462" errors="0">
  <testcase name="duplicateLead" time="55.462" classname="week5.day1homework.Duplicatelead"/>
</testsuite> <!-- week5.day1homework.Duplicatelead -->
