<?xml version="1.0" encoding="UTF-8"?>
<!-- Generated by org.testng.reporters.JUnitReportReporter -->
<testsuite skipped="0" hostname="Pravin-PC" name="week5.day1.Createlead" tests="1" failures="0" timestamp="06 Apr 2019 19:44:00 GMT" time="42.343" errors="0">
  <testcase name="Create" time="42.343" classname="week5.day1.Createlead"/>
</testsuite> <!-- week5.day1.Createlead -->
