<?xml version="1.0" encoding="UTF-8"?>
<!-- Generated by org.testng.reporters.JUnitReportReporter -->
<testsuite skipped="0" hostname="Pravin-PC" name="week5.day1homework.MergeLeeds" tests="1" failures="0" timestamp="06 Apr 2019 20:21:37 GMT" time="80.080" errors="0">
  <testcase name="mergeleads" time="80.080" classname="week5.day1homework.MergeLeeds"/>
</testsuite> <!-- week5.day1homework.MergeLeeds -->
