<?xml version="1.0" encoding="UTF-8"?>
<!-- Generated by org.testng.reporters.JUnitReportReporter -->
<testsuite skipped="0" hostname="Pravin-PC" name="week5.day1homework.Createlead" tests="1" failures="0" timestamp="06 Apr 2019 20:21:37 GMT" time="56.506" errors="0">
  <testcase name="Create" time="56.506" classname="week5.day1homework.Createlead"/>
</testsuite> <!-- week5.day1homework.Createlead -->
