<?xml version="1.0" encoding="UTF-8"?>
<!-- Generated by org.testng.reporters.JUnitReportReporter -->
<testsuite skipped="0" hostname="Pravin-PC" name="week5.day2.Createlead" tests="2" failures="0" timestamp="07 Apr 2019 05:13:02 GMT" time="42.999" errors="0">
  <testcase name="Create" time="21.306" classname="week5.day2.Createlead"/>
  <testcase name="Create" time="21.693" classname="week5.day2.Createlead"/>
</testsuite> <!-- week5.day2.Createlead -->
